Analysis & Synthesis report for sarbazi
Tue Jul 28 18:20:55 2020
Quartus II Version 9.0 Build 132 02/25/2009 SJ Web Edition


---------------------
; Table of Contents ;
---------------------
  1. Legal Notice
  2. Analysis & Synthesis Summary
  3. Analysis & Synthesis Settings
  4. Analysis & Synthesis Source Files Read
  5. Analysis & Synthesis Resource Usage Summary
  6. Analysis & Synthesis Resource Utilization by Entity
  7. General Register Statistics
  8. Parameter Settings for User Entity Instance: reg_memory:inst|lpm_ff:lpm_ff_component
  9. Parameter Settings for User Entity Instance: filfil:inst16|lpm_ff:lpm_ff_component
 10. Parameter Settings for User Entity Instance: filfil:inst18|lpm_ff:lpm_ff_component
 11. Parameter Settings for User Entity Instance: filfil:inst2|lpm_ff:lpm_ff_component
 12. Parameter Settings for User Entity Instance: reg_memory:inst3|lpm_ff:lpm_ff_component
 13. Parameter Settings for User Entity Instance: filfil:inst19|lpm_ff:lpm_ff_component
 14. Analysis & Synthesis Messages



----------------
; Legal Notice ;
----------------
Copyright (C) 1991-2009 Altera Corporation
Your use of Altera Corporation's design tools, logic functions 
and other software and tools, and its AMPP partner logic 
functions, and any output files from any of the foregoing 
(including device programming or simulation files), and any 
associated documentation or information are expressly subject 
to the terms and conditions of the Altera Program License 
Subscription Agreement, Altera MegaCore Function License 
Agreement, or other applicable license agreement, including, 
without limitation, that your use is for the sole purpose of 
programming logic devices manufactured by Altera and sold by 
Altera or its authorized distributors.  Please refer to the 
applicable agreement for further details.



+-------------------------------------------------------------------------+
; Analysis & Synthesis Summary                                            ;
+-------------------------------+-----------------------------------------+
; Analysis & Synthesis Status   ; Successful - Tue Jul 28 18:20:55 2020   ;
; Quartus II Version            ; 9.0 Build 132 02/25/2009 SJ Web Edition ;
; Revision Name                 ; sarbazi                                 ;
; Top-level Entity Name         ; EXMEM                                   ;
; Family                        ; Stratix II                              ;
; Logic utilization             ; N/A                                     ;
;     Combinational ALUTs       ; 0                                       ;
;     Dedicated logic registers ; 136                                     ;
; Total registers               ; 136                                     ;
; Total pins                    ; 274                                     ;
; Total virtual pins            ; 0                                       ;
; Total block memory bits       ; 0                                       ;
; DSP block 9-bit elements      ; 0                                       ;
; Total PLLs                    ; 0                                       ;
; Total DLLs                    ; 0                                       ;
+-------------------------------+-----------------------------------------+


+----------------------------------------------------------------------------------------------------------+
; Analysis & Synthesis Settings                                                                            ;
+----------------------------------------------------------------+--------------------+--------------------+
; Option                                                         ; Setting            ; Default Value      ;
+----------------------------------------------------------------+--------------------+--------------------+
; Top-level entity name                                          ; EXMEM              ; sarbazi            ;
; Family name                                                    ; Stratix II         ; Cyclone IV GX      ;
; Type of Retiming Performed During Resynthesis                  ; Full               ;                    ;
; Resynthesis Optimization Effort                                ; Normal             ;                    ;
; Physical Synthesis Level for Resynthesis                       ; Normal             ;                    ;
; Use Generated Physical Constraints File                        ; Off                ;                    ;
; Use smart compilation                                          ; Off                ; Off                ;
; Restructure Multiplexers                                       ; Auto               ; Auto               ;
; Create Debugging Nodes for IP Cores                            ; Off                ; Off                ;
; Preserve fewer node names                                      ; On                 ; On                 ;
; Disable OpenCore Plus hardware evaluation                      ; Off                ; Off                ;
; Verilog Version                                                ; Verilog_2001       ; Verilog_2001       ;
; VHDL Version                                                   ; VHDL93             ; VHDL93             ;
; State Machine Processing                                       ; Auto               ; Auto               ;
; Safe State Machine                                             ; Off                ; Off                ;
; Extract Verilog State Machines                                 ; On                 ; On                 ;
; Extract VHDL State Machines                                    ; On                 ; On                 ;
; Ignore Verilog initial constructs                              ; Off                ; Off                ;
; Iteration limit for constant Verilog loops                     ; 5000               ; 5000               ;
; Iteration limit for non-constant Verilog loops                 ; 250                ; 250                ;
; Add Pass-Through Logic to Inferred RAMs                        ; On                 ; On                 ;
; Parallel Synthesis                                             ; Off                ; Off                ;
; DSP Block Balancing                                            ; Auto               ; Auto               ;
; NOT Gate Push-Back                                             ; On                 ; On                 ;
; Power-Up Don't Care                                            ; On                 ; On                 ;
; Remove Redundant Logic Cells                                   ; Off                ; Off                ;
; Remove Duplicate Registers                                     ; On                 ; On                 ;
; Ignore CARRY Buffers                                           ; Off                ; Off                ;
; Ignore CASCADE Buffers                                         ; Off                ; Off                ;
; Ignore GLOBAL Buffers                                          ; Off                ; Off                ;
; Ignore ROW GLOBAL Buffers                                      ; Off                ; Off                ;
; Ignore LCELL Buffers                                           ; Off                ; Off                ;
; Ignore SOFT Buffers                                            ; On                 ; On                 ;
; Limit AHDL Integers to 32 Bits                                 ; Off                ; Off                ;
; Optimization Technique                                         ; Balanced           ; Balanced           ;
; Carry Chain Length                                             ; 70                 ; 70                 ;
; Auto Carry Chains                                              ; On                 ; On                 ;
; Auto Open-Drain Pins                                           ; On                 ; On                 ;
; Perform WYSIWYG Primitive Resynthesis                          ; Off                ; Off                ;
; Auto ROM Replacement                                           ; On                 ; On                 ;
; Auto RAM Replacement                                           ; On                 ; On                 ;
; Auto DSP Block Replacement                                     ; On                 ; On                 ;
; Auto Shift Register Replacement                                ; Auto               ; Auto               ;
; Auto Clock Enable Replacement                                  ; On                 ; On                 ;
; Strict RAM Replacement                                         ; Off                ; Off                ;
; Allow Synchronous Control Signals                              ; On                 ; On                 ;
; Force Use of Synchronous Clear Signals                         ; Off                ; Off                ;
; Auto RAM Block Balancing                                       ; On                 ; On                 ;
; Auto RAM to Logic Cell Conversion                              ; Off                ; Off                ;
; Auto Resource Sharing                                          ; Off                ; Off                ;
; Allow Any RAM Size For Recognition                             ; Off                ; Off                ;
; Allow Any ROM Size For Recognition                             ; Off                ; Off                ;
; Allow Any Shift Register Size For Recognition                  ; Off                ; Off                ;
; Use LogicLock Constraints during Resource Balancing            ; On                 ; On                 ;
; Ignore translate_off and synthesis_off directives              ; Off                ; Off                ;
; Timing-Driven Synthesis                                        ; On                 ; On                 ;
; Show Parameter Settings Tables in Synthesis Report             ; On                 ; On                 ;
; Ignore Maximum Fan-Out Assignments                             ; Off                ; Off                ;
; Synchronization Register Chain Length                          ; 3                  ; 3                  ;
; PowerPlay Power Optimization                                   ; Normal compilation ; Normal compilation ;
; HDL message level                                              ; Level2             ; Level2             ;
; Suppress Register Optimization Related Messages                ; Off                ; Off                ;
; Number of Removed Registers Reported in Synthesis Report       ; 5000               ; 5000               ;
; Number of Inverted Registers Reported in Synthesis Report      ; 100                ; 100                ;
; Clock MUX Protection                                           ; On                 ; On                 ;
; Auto Gated Clock Conversion                                    ; Off                ; Off                ;
; Block Design Naming                                            ; Auto               ; Auto               ;
; SDC constraint protection                                      ; Off                ; Off                ;
; Synthesis Effort                                               ; Auto               ; Auto               ;
; Allows Asynchronous Clear Usage For Shift Register Replacement ; On                 ; On                 ;
; Analysis & Synthesis Message Level                             ; Medium             ; Medium             ;
+----------------------------------------------------------------+--------------------+--------------------+


+---------------------------------------------------------------------------------------------------------------------------------------------------------+
; Analysis & Synthesis Source Files Read                                                                                                                  ;
+----------------------------------+-----------------+------------------------------------+---------------------------------------------------------------+
; File Name with User-Entered Path ; Used in Netlist ; File Type                          ; File Name with Absolute Path                                  ;
+----------------------------------+-----------------+------------------------------------+---------------------------------------------------------------+
; EXMEM.bdf                        ; yes             ; User Block Diagram/Schematic File  ; D:/sut/comp_arch/final-project/EXMEM.bdf                      ;
; filfil.v                         ; yes             ; User Wizard-Generated File         ; D:/sut/comp_arch/final-project/filfil.v                       ;
; reg_memory.vhd                   ; yes             ; User Wizard-Generated File         ; D:/sut/comp_arch/final-project/reg_memory.vhd                 ;
; lpm_ff.tdf                       ; yes             ; Megafunction                       ; c:/altera/90/quartus/libraries/megafunctions/lpm_ff.tdf       ;
; lpm_constant.inc                 ; yes             ; Megafunction                       ; c:/altera/90/quartus/libraries/megafunctions/lpm_constant.inc ;
; aglobal90.inc                    ; yes             ; Megafunction                       ; c:/altera/90/quartus/libraries/megafunctions/aglobal90.inc    ;
+----------------------------------+-----------------+------------------------------------+---------------------------------------------------------------+


+-------------------------------------------------------+
; Analysis & Synthesis Resource Usage Summary           ;
+-----------------------------------------------+-------+
; Resource                                      ; Usage ;
+-----------------------------------------------+-------+
; Estimated ALUTs Used                          ; 0     ;
; Dedicated logic registers                     ; 136   ;
;                                               ;       ;
; Estimated ALUTs Unavailable                   ; 0     ;
;                                               ;       ;
; Total combinational functions                 ; 0     ;
; Combinational ALUT usage by number of inputs  ;       ;
;     -- 7 input functions                      ; 0     ;
;     -- 6 input functions                      ; 0     ;
;     -- 5 input functions                      ; 0     ;
;     -- 4 input functions                      ; 0     ;
;     -- <=3 input functions                    ; 0     ;
;                                               ;       ;
; Combinational ALUTs by mode                   ;       ;
;     -- normal mode                            ; 0     ;
;     -- extended LUT mode                      ; 0     ;
;     -- arithmetic mode                        ; 0     ;
;     -- shared arithmetic mode                 ; 0     ;
;                                               ;       ;
; Estimated ALUT/register pairs used            ; 136   ;
;                                               ;       ;
; Total registers                               ; 136   ;
;     -- Dedicated logic registers              ; 136   ;
;     -- I/O registers                          ; 0     ;
;                                               ;       ;
; Estimated ALMs:  partially or completely used ; 68    ;
;                                               ;       ;
; I/O pins                                      ; 274   ;
; Maximum fan-out node                          ; clk   ;
; Maximum fan-out                               ; 136   ;
; Total fan-out                                 ; 536   ;
; Average fan-out                               ; 1.31  ;
+-----------------------------------------------+-------+


+--------------------------------------------------------------------------------------------------------------------------------------------------------------------------------------------------------------------------------+
; Analysis & Synthesis Resource Utilization by Entity                                                                                                                                                                            ;
+---------------------------------+-------------------+--------------+-------------------+--------------+---------+-----------+-----------+------+--------------+-------------------------------------------------+--------------+
; Compilation Hierarchy Node      ; LC Combinationals ; LC Registers ; Block Memory Bits ; DSP Elements ; DSP 9x9 ; DSP 18x18 ; DSP 36x36 ; Pins ; Virtual Pins ; Full Hierarchy Name                             ; Library Name ;
+---------------------------------+-------------------+--------------+-------------------+--------------+---------+-----------+-----------+------+--------------+-------------------------------------------------+--------------+
; |EXMEM                          ; 0 (0)             ; 136 (1)      ; 0                 ; 0            ; 0       ; 0         ; 0         ; 274  ; 0            ; |EXMEM                                          ; work         ;
;    |filfil:inst16|              ; 0 (0)             ; 32 (0)       ; 0                 ; 0            ; 0       ; 0         ; 0         ; 0    ; 0            ; |EXMEM|filfil:inst16                            ; work         ;
;       |lpm_ff:lpm_ff_component| ; 0 (0)             ; 32 (32)      ; 0                 ; 0            ; 0       ; 0         ; 0         ; 0    ; 0            ; |EXMEM|filfil:inst16|lpm_ff:lpm_ff_component    ; work         ;
;    |filfil:inst18|              ; 0 (0)             ; 32 (0)       ; 0                 ; 0            ; 0       ; 0         ; 0         ; 0    ; 0            ; |EXMEM|filfil:inst18                            ; work         ;
;       |lpm_ff:lpm_ff_component| ; 0 (0)             ; 32 (32)      ; 0                 ; 0            ; 0       ; 0         ; 0         ; 0    ; 0            ; |EXMEM|filfil:inst18|lpm_ff:lpm_ff_component    ; work         ;
;    |filfil:inst19|              ; 0 (0)             ; 32 (0)       ; 0                 ; 0            ; 0       ; 0         ; 0         ; 0    ; 0            ; |EXMEM|filfil:inst19                            ; work         ;
;       |lpm_ff:lpm_ff_component| ; 0 (0)             ; 32 (32)      ; 0                 ; 0            ; 0       ; 0         ; 0         ; 0    ; 0            ; |EXMEM|filfil:inst19|lpm_ff:lpm_ff_component    ; work         ;
;    |filfil:inst2|               ; 0 (0)             ; 32 (0)       ; 0                 ; 0            ; 0       ; 0         ; 0         ; 0    ; 0            ; |EXMEM|filfil:inst2                             ; work         ;
;       |lpm_ff:lpm_ff_component| ; 0 (0)             ; 32 (32)      ; 0                 ; 0            ; 0       ; 0         ; 0         ; 0    ; 0            ; |EXMEM|filfil:inst2|lpm_ff:lpm_ff_component     ; work         ;
;    |reg_memory:inst3|           ; 0 (0)             ; 3 (0)        ; 0                 ; 0            ; 0       ; 0         ; 0         ; 0    ; 0            ; |EXMEM|reg_memory:inst3                         ; work         ;
;       |lpm_ff:lpm_ff_component| ; 0 (0)             ; 3 (3)        ; 0                 ; 0            ; 0       ; 0         ; 0         ; 0    ; 0            ; |EXMEM|reg_memory:inst3|lpm_ff:lpm_ff_component ; work         ;
;    |reg_memory:inst|            ; 0 (0)             ; 4 (0)        ; 0                 ; 0            ; 0       ; 0         ; 0         ; 0    ; 0            ; |EXMEM|reg_memory:inst                          ; work         ;
;       |lpm_ff:lpm_ff_component| ; 0 (0)             ; 4 (4)        ; 0                 ; 0            ; 0       ; 0         ; 0         ; 0    ; 0            ; |EXMEM|reg_memory:inst|lpm_ff:lpm_ff_component  ; work         ;
+---------------------------------+-------------------+--------------+-------------------+--------------+---------+-----------+-----------+------+--------------+-------------------------------------------------+--------------+
Note: For table entries with two numbers listed, the numbers in parentheses indicate the number of resources of the given type used by the specific entity alone. The numbers listed outside of parentheses indicate the total resources of the given type used by the specific entity and all of its sub-entities in the hierarchy.


+------------------------------------------------------+
; General Register Statistics                          ;
+----------------------------------------------+-------+
; Statistic                                    ; Value ;
+----------------------------------------------+-------+
; Total registers                              ; 136   ;
; Number of registers using Synchronous Clear  ; 0     ;
; Number of registers using Synchronous Load   ; 0     ;
; Number of registers using Asynchronous Clear ; 128   ;
; Number of registers using Asynchronous Load  ; 0     ;
; Number of registers using Clock Enable       ; 0     ;
; Number of registers using Preset             ; 0     ;
+----------------------------------------------+-------+


+--------------------------------------------------------------------------------------+
; Parameter Settings for User Entity Instance: reg_memory:inst|lpm_ff:lpm_ff_component ;
+------------------------+------------+------------------------------------------------+
; Parameter Name         ; Value      ; Type                                           ;
+------------------------+------------+------------------------------------------------+
; LPM_WIDTH              ; 5          ; Signed Integer                                 ;
; LPM_AVALUE             ; UNUSED     ; Untyped                                        ;
; LPM_SVALUE             ; UNUSED     ; Untyped                                        ;
; LPM_FFTYPE             ; DFF        ; Untyped                                        ;
; DEVICE_FAMILY          ; Stratix II ; Untyped                                        ;
; CBXI_PARAMETER         ; NOTHING    ; Untyped                                        ;
; AUTO_CARRY_CHAINS      ; ON         ; AUTO_CARRY                                     ;
; IGNORE_CARRY_BUFFERS   ; OFF        ; IGNORE_CARRY                                   ;
; AUTO_CASCADE_CHAINS    ; ON         ; AUTO_CASCADE                                   ;
; IGNORE_CASCADE_BUFFERS ; OFF        ; IGNORE_CASCADE                                 ;
+------------------------+------------+------------------------------------------------+
Note: In order to hide this table in the UI and the text report file, please set the "Show Parameter Settings Tables in Synthesis Report" option in "Analysis and Synthesis Settings -> More Settings" to "Off".


+------------------------------------------------------------------------------------+
; Parameter Settings for User Entity Instance: filfil:inst16|lpm_ff:lpm_ff_component ;
+------------------------+------------+----------------------------------------------+
; Parameter Name         ; Value      ; Type                                         ;
+------------------------+------------+----------------------------------------------+
; LPM_WIDTH              ; 32         ; Signed Integer                               ;
; LPM_AVALUE             ; UNUSED     ; Untyped                                      ;
; LPM_SVALUE             ; UNUSED     ; Untyped                                      ;
; LPM_FFTYPE             ; DFF        ; Untyped                                      ;
; DEVICE_FAMILY          ; Stratix II ; Untyped                                      ;
; CBXI_PARAMETER         ; NOTHING    ; Untyped                                      ;
; AUTO_CARRY_CHAINS      ; ON         ; AUTO_CARRY                                   ;
; IGNORE_CARRY_BUFFERS   ; OFF        ; IGNORE_CARRY                                 ;
; AUTO_CASCADE_CHAINS    ; ON         ; AUTO_CASCADE                                 ;
; IGNORE_CASCADE_BUFFERS ; OFF        ; IGNORE_CASCADE                               ;
+------------------------+------------+----------------------------------------------+
Note: In order to hide this table in the UI and the text report file, please set the "Show Parameter Settings Tables in Synthesis Report" option in "Analysis and Synthesis Settings -> More Settings" to "Off".


+------------------------------------------------------------------------------------+
; Parameter Settings for User Entity Instance: filfil:inst18|lpm_ff:lpm_ff_component ;
+------------------------+------------+----------------------------------------------+
; Parameter Name         ; Value      ; Type                                         ;
+------------------------+------------+----------------------------------------------+
; LPM_WIDTH              ; 32         ; Signed Integer                               ;
; LPM_AVALUE             ; UNUSED     ; Untyped                                      ;
; LPM_SVALUE             ; UNUSED     ; Untyped                                      ;
; LPM_FFTYPE             ; DFF        ; Untyped                                      ;
; DEVICE_FAMILY          ; Stratix II ; Untyped                                      ;
; CBXI_PARAMETER         ; NOTHING    ; Untyped                                      ;
; AUTO_CARRY_CHAINS      ; ON         ; AUTO_CARRY                                   ;
; IGNORE_CARRY_BUFFERS   ; OFF        ; IGNORE_CARRY                                 ;
; AUTO_CASCADE_CHAINS    ; ON         ; AUTO_CASCADE                                 ;
; IGNORE_CASCADE_BUFFERS ; OFF        ; IGNORE_CASCADE                               ;
+------------------------+------------+----------------------------------------------+
Note: In order to hide this table in the UI and the text report file, please set the "Show Parameter Settings Tables in Synthesis Report" option in "Analysis and Synthesis Settings -> More Settings" to "Off".


+-----------------------------------------------------------------------------------+
; Parameter Settings for User Entity Instance: filfil:inst2|lpm_ff:lpm_ff_component ;
+------------------------+------------+---------------------------------------------+
; Parameter Name         ; Value      ; Type                                        ;
+------------------------+------------+---------------------------------------------+
; LPM_WIDTH              ; 32         ; Signed Integer                              ;
; LPM_AVALUE             ; UNUSED     ; Untyped                                     ;
; LPM_SVALUE             ; UNUSED     ; Untyped                                     ;
; LPM_FFTYPE             ; DFF        ; Untyped                                     ;
; DEVICE_FAMILY          ; Stratix II ; Untyped                                     ;
; CBXI_PARAMETER         ; NOTHING    ; Untyped                                     ;
; AUTO_CARRY_CHAINS      ; ON         ; AUTO_CARRY                                  ;
; IGNORE_CARRY_BUFFERS   ; OFF        ; IGNORE_CARRY                                ;
; AUTO_CASCADE_CHAINS    ; ON         ; AUTO_CASCADE                                ;
; IGNORE_CASCADE_BUFFERS ; OFF        ; IGNORE_CASCADE                              ;
+------------------------+------------+---------------------------------------------+
Note: In order to hide this table in the UI and the text report file, please set the "Show Parameter Settings Tables in Synthesis Report" option in "Analysis and Synthesis Settings -> More Settings" to "Off".


+---------------------------------------------------------------------------------------+
; Parameter Settings for User Entity Instance: reg_memory:inst3|lpm_ff:lpm_ff_component ;
+------------------------+------------+-------------------------------------------------+
; Parameter Name         ; Value      ; Type                                            ;
+------------------------+------------+-------------------------------------------------+
; LPM_WIDTH              ; 5          ; Signed Integer                                  ;
; LPM_AVALUE             ; UNUSED     ; Untyped                                         ;
; LPM_SVALUE             ; UNUSED     ; Untyped                                         ;
; LPM_FFTYPE             ; DFF        ; Untyped                                         ;
; DEVICE_FAMILY          ; Stratix II ; Untyped                                         ;
; CBXI_PARAMETER         ; NOTHING    ; Untyped                                         ;
; AUTO_CARRY_CHAINS      ; ON         ; AUTO_CARRY                                      ;
; IGNORE_CARRY_BUFFERS   ; OFF        ; IGNORE_CARRY                                    ;
; AUTO_CASCADE_CHAINS    ; ON         ; AUTO_CASCADE                                    ;
; IGNORE_CASCADE_BUFFERS ; OFF        ; IGNORE_CASCADE                                  ;
+------------------------+------------+-------------------------------------------------+
Note: In order to hide this table in the UI and the text report file, please set the "Show Parameter Settings Tables in Synthesis Report" option in "Analysis and Synthesis Settings -> More Settings" to "Off".


+------------------------------------------------------------------------------------+
; Parameter Settings for User Entity Instance: filfil:inst19|lpm_ff:lpm_ff_component ;
+------------------------+------------+----------------------------------------------+
; Parameter Name         ; Value      ; Type                                         ;
+------------------------+------------+----------------------------------------------+
; LPM_WIDTH              ; 32         ; Signed Integer                               ;
; LPM_AVALUE             ; UNUSED     ; Untyped                                      ;
; LPM_SVALUE             ; UNUSED     ; Untyped                                      ;
; LPM_FFTYPE             ; DFF        ; Untyped                                      ;
; DEVICE_FAMILY          ; Stratix II ; Untyped                                      ;
; CBXI_PARAMETER         ; NOTHING    ; Untyped                                      ;
; AUTO_CARRY_CHAINS      ; ON         ; AUTO_CARRY                                   ;
; IGNORE_CARRY_BUFFERS   ; OFF        ; IGNORE_CARRY                                 ;
; AUTO_CASCADE_CHAINS    ; ON         ; AUTO_CASCADE                                 ;
; IGNORE_CASCADE_BUFFERS ; OFF        ; IGNORE_CASCADE                               ;
+------------------------+------------+----------------------------------------------+
Note: In order to hide this table in the UI and the text report file, please set the "Show Parameter Settings Tables in Synthesis Report" option in "Analysis and Synthesis Settings -> More Settings" to "Off".


+-------------------------------+
; Analysis & Synthesis Messages ;
+-------------------------------+
Info: *******************************************************************
Info: Running Quartus II Analysis & Synthesis
    Info: Version 9.0 Build 132 02/25/2009 SJ Web Edition
    Info: Processing started: Tue Jul 28 18:20:52 2020
Info: Command: quartus_map --read_settings_files=on --write_settings_files=off sarbazi -c sarbazi
Info: Found 1 design units, including 1 entities, in source file EXMEM.bdf
    Info: Found entity 1: EXMEM
Info: Found 1 design units, including 1 entities, in source file memwb.bdf
    Info: Found entity 1: memwb
Warning: Can't analyze file -- file D:/sut/comp_arch/final-project/MegaWizardSymbols/reg5.v is missing
Info: Found 1 design units, including 1 entities, in source file MegaWizardSymbols/reg_ex.tdf
    Info: Found entity 1: reg_ex
Info: Found 1 design units, including 1 entities, in source file sarbazi-register.bdf
    Info: Found entity 1: sarbazi-register
Info: Found 1 design units, including 1 entities, in source file lpm_mux0.v
    Info: Found entity 1: lpm_mux0
Info: Found 1 design units, including 1 entities, in source file lpm_decode0.v
    Info: Found entity 1: lpm_decode0
Info: Found 1 design units, including 1 entities, in source file filfil.v
    Info: Found entity 1: filfil
Info: Found 1 design units, including 1 entities, in source file instMem.v
    Info: Found entity 1: instMem
Info: Found 1 design units, including 1 entities, in source file ALU.v
    Info: Found entity 1: ALU
Info: Found 1 design units, including 1 entities, in source file adder.v
    Info: Found entity 1: adder
Info: Found 1 design units, including 1 entities, in source file instFetchLEVEL.bdf
    Info: Found entity 1: instFetchLEVEL
Info: Found 1 design units, including 1 entities, in source file instDecodeLEVEL.bdf
    Info: Found entity 1: instDecodeLEVEL
Info: Found 1 design units, including 1 entities, in source file controller.bdf
    Info: Found entity 1: controller
Info: Found 1 design units, including 1 entities, in source file littleMUX.v
    Info: Found entity 1: littleMUX
Info: Found 1 design units, including 1 entities, in source file ExecuteLevel.bdf
    Info: Found entity 1: ExecuteLevel
Info: Found 1 design units, including 1 entities, in source file MemoryLevel.bdf
    Info: Found entity 1: MemoryLevel
Info: Found 2 design units, including 1 entities, in source file lpm_compare1.vhd
    Info: Found design unit 1: lpm_compare1-SYN
    Info: Found entity 1: lpm_compare1
Info: Found 2 design units, including 1 entities, in source file MegaWizardSymbols/reg.vhd
    Info: Found design unit 1: reg-SYN
    Info: Found entity 1: reg
Info: Found 1 design units, including 1 entities, in source file IFID.bdf
    Info: Found entity 1: IFID
Info: Found 1 design units, including 1 entities, in source file IDEX.bdf
    Info: Found entity 1: IDEX
Info: Found 2 design units, including 1 entities, in source file MegaWizardSymbols/reg_wb.vhd
    Info: Found design unit 1: reg_wb-SYN
    Info: Found entity 1: reg_wb
Info: Found 2 design units, including 1 entities, in source file reg_memory.vhd
    Info: Found design unit 1: reg_memory-SYN
    Info: Found entity 1: reg_memory
Info: Found 1 design units, including 1 entities, in source file BranchAddress.bdf
    Info: Found entity 1: BranchAddress
Info: Found 1 design units, including 1 entities, in source file signExtender.bdf
    Info: Found entity 1: signExtender
Info: Found 0 design units, including 0 entities, in source file branchControl.v
Info: Elaborating entity "EXMEM" for the top level hierarchy
Info: Elaborating entity "reg_memory" for hierarchy "reg_memory:inst"
Info: Elaborating entity "lpm_ff" for hierarchy "reg_memory:inst|lpm_ff:lpm_ff_component"
Info: Elaborated megafunction instantiation "reg_memory:inst|lpm_ff:lpm_ff_component"
Info: Instantiated megafunction "reg_memory:inst|lpm_ff:lpm_ff_component" with the following parameter:
    Info: Parameter "lpm_fftype" = "DFF"
    Info: Parameter "lpm_type" = "LPM_FF"
    Info: Parameter "lpm_width" = "5"
Info: Elaborating entity "filfil" for hierarchy "filfil:inst16"
Info: Elaborating entity "lpm_ff" for hierarchy "filfil:inst16|lpm_ff:lpm_ff_component"
Info: Elaborated megafunction instantiation "filfil:inst16|lpm_ff:lpm_ff_component"
Info: Instantiated megafunction "filfil:inst16|lpm_ff:lpm_ff_component" with the following parameter:
    Info: Parameter "lpm_fftype" = "DFF"
    Info: Parameter "lpm_type" = "LPM_FF"
    Info: Parameter "lpm_width" = "32"
Warning: Timing-Driven Synthesis is skipped because the Classic Timing Analyzer is turned on
Warning: Ignored assignments for entity "play" -- entity does not exist in design
    Warning: Assignment of entity set_global_assignment -name LL_ROOT_REGION ON -entity play -section_id "Root Region" is ignored
    Warning: Assignment of entity set_global_assignment -name LL_MEMBER_STATE LOCKED -entity play -section_id "Root Region" is ignored
Warning: Ignored assignments for entity "sarbazi" -- entity does not exist in design
    Warning: Assignment of entity set_global_assignment -name LL_ROOT_REGION ON -entity sarbazi -section_id "Root Region" is ignored
    Warning: Assignment of entity set_global_assignment -name LL_MEMBER_STATE LOCKED -entity sarbazi -section_id "Root Region" is ignored
Info: Implemented 410 device resources after synthesis - the final resource count might be different
    Info: Implemented 138 input pins
    Info: Implemented 136 output pins
    Info: Implemented 136 logic cells
Info: Quartus II Analysis & Synthesis was successful. 0 errors, 8 warnings
    Info: Peak virtual memory: 265 megabytes
    Info: Processing ended: Tue Jul 28 18:20:55 2020
    Info: Elapsed time: 00:00:03
    Info: Total CPU time (on all processors): 00:00:03


